OK
OK
OK
OK
OK
OK
OK
OK
OK
OK
OK
OK
OK
OK
OK
OK
OK
OK
OK
OK
OK
OK
OK
OK
OK
OK
OK
OK
OK
OK
OK
OK
OK
OK
OK
OK
OK
OK
OK
OK
OK
OK
OK
OK
OK
OK
OK
OK
OK
OK
OK
OK
OK
OK
OK
OK
OK
OK
OK
OK
OK
OK
OK
OK
OK
OK
OK
OK
OK
OK
OK
OK
OK
OK
OK
OK
OK
OK
OK
OK
OK
OK
OK
OK
OK
OK
OK
OK
OK
OK
OK
OK
OK
OK
OK
OK
OK
OK
OK
OK
OK
OK
OK
OK
OK
OK
OK
OK
OK
OK
OK
OK
OK
OK
OK
OK
OK
OK
OK
OK
OK
OK
OK
OK
OK
OK
OK
OK
OK
OK
OK
OK
OK
OK
OK
OK
OK
OK
OK
OK
OK
OK
OK
OK
OK
OK
OK
OK
OK
OK
OK
OK
OK
OK
OK
OK
OK
OK
OK
OK
OK
OK
OK
OK
OK
OK
OK
OK
OK
OK
OK
OK
OK
OK
OK
OK
OK
OK
OK
OK
OK
OK
OK
OK
OK
OK
OK
OK
OK
OK
OK
OK
OK
OK
OK
OK
OK
OK
OK
OK
OK
OK
OK
OK
OK
OK
OK
OK
OK
OK
OK
OK
OK
OK
OK
OK
OK
OK
OK
OK
OK
OK
OK
OK
OK
OK
OK
OK
OK
OK
OK
OK
OK
OK
OK
OK
OK
OK
OK
OK
OK
OK
OK
OK
OK
OK
OK
OK
OK
OK
OK
OK
OK
OK
OK
OK
OK
OK
OK
OK
OK
OK
OK
OK
OK
OK
OK
OK
OK
OK
OK
OK
OK
OK
OK
OK
OK
OK
OK
OK
OK
OK
OK
OK
OK
OK
OK
OK
OK
OK
OK
OK
OK
OK
OK
OK
OK
OK
OK
OK
OK
OK
OK
OK
OK
OK
OK
OK
OK
OK
OK
OK
OK
OK
OK
OK
OK
OK
OK
OK
OK
OK
OK
OK
OK
OK
OK
OK
OK
OK
OK
OK
OK
OK
OK
OK
OK
OK
OK
OK
OK
OK
OK
OK
OK
OK
OK
OK
OK
OK
OK
OK
OK
OK
OK
OK
OK
OK
OK
OK
OK
OK
OK
OK
OK
OK
OK
OK
OK
OK
OK
OK
OK
OK
OK
OK
OK
OK
OK
OK
OK
OK
OK
OK
OK
OK
OK
OK
OK
OK
OK
OK
OK
OK
OK
OK
OK
OK
OK
OK
OK
OK
OK
OK
OK
OK
OK
OK
OK
OK
OK
OK
OK
OK
OK
OK
OK
OK
OK
OK
OK
OK
OK
OK
OK
OK
OK
OK
OK
OK
OK
OK
OK
OK
OK
OK
OK
OK
OK
OK
OK
OK
OK
OK
OK
OK
OK
OK
OK
OK
OK
OK
OK
OK
OK
OK
OK
OK
OK
OK
OK
OK
OK
OK
OK
OK
OK
OK
OK
OK
OK
OK
OK
OK
OK
OK
OK
OK
OK
OK
OK
OK
OK
OK
OK
OK
OK
OK
OK
OK
OK
OK
OK
OK
OK
OK
OK
OK
OK
OK
000159203 xmuj
000953080 jvxj
001393010 ywwq
002247874 qxki
002585922 nvbn
002813179 ygmv
003184886 glxm
003449899 fkge
003537209 tgyn
003561276 eymm
004965361 nnrf
004986250 hppb
006133059 fxhn
006763435 pktb
007080351 ewye
007652604 toli
007974874 vtuh
008452922 vvhx
009209098 lgnh
009553841 iifs
009571769 xtbw
009891687 qmia
010064820 uibv
010351817 pvvc
010359353 xvvp
011863186 yldl
012941373 wtap
013828414 qorg
013971981 posy
017497675 hvns
018163627 apoy
018245206 tepp
018699625 lnvk
018742196 qjch
018941355 aiyp
019060188 wmli
019868472 vtyp
020205795 gfmu
020354338 liuw
020745032 etfn
023781995 civl
026467941 dcjg
027503551 ypnh
029319729 mpji
030308935 sceg
030435999 wmrn
030932405 augq
031643385 gfvp
032420774 hpet
032484768 ftrq
032620522 xqea
032990259 dsyp
033760405 nnlo
034015108 utaj
034328907 soqk
034451589 yarg
035118042 sgnd
035190964 ynfu
035362375 lgit
035398338 badq
035691303 ifjd
036013247 ycbb
036570464 yoyo
036720011 urlg
037487467 tgdo
040145794 kdue
040425006 npla
041833132 tkkv
042052405 smlh
044273008 umai
044507203 wemw
045282661 bclq
045442500 ukhc
045565889 brir
046247126 dmot
047638049 molr
048314216 aaus
048935142 mvmv
049538562 ytdd
049852006 vnvx
049876845 lrdb
050394961 ylvs
050516054 iemb
050567707 muoq
050922271 eocf
051766432 hujg
052566036 hghe
052710088 xqri
053006835 jrkb
054226383 spgb
054435408 vysq
055171399 njqa
055804252 ykfu
055901033 jgdq
056221798 iijf
056597333 kexf
057716044 imln
057948116 fqju
058395306 fndn
059153617 sjix
059325762 dohl
061323475 mdha
061620598 dxmw
061783018 tkwa
063813632 osae
064851827 amsf
064901529 gjpb
064994784 yudl
065809010 crnt
068105628 kxla
068691137 fqjk
068840132 sxsi
069026221 hhht
071679238 vuia
072621193 xhyi
074009419 wawi
074234674 avso
074413193 ifsa
074634254 dnsb
075169275 folv
075553252 vgbh
076182702 soyx
076217193 ytro
077061200 mtqb
078275322 vkvp
078945390 komf
078989631 ctna
079093639 rcvf
079142606 tdfm
081175815 iwdj
081612014 jeat
082588838 dmqj
083086432 wlsy
083116820 nqvf
085584368 rgsi
085838664 ohkg
087342327 fkwr
088099116 mspe
089065953 dubf
089183750 rpio
090097581 uaky
091487114 hhws
091686574 mhew
092957636 tbuk
094039000 kgqd
095194753 oxrb
096142804 kshp
096652030 ekeb
097017125 vbyn
098456895 qsym
098748637 kefv
098830406 ongm
100189136 rcwk
100583090 vjmu
100723728 ejhq
100891024 qtpm
101460647 gygj
101772149 gjgb
102271750 lkfi
102522059 ceys
103030384 ifgr
104078854 vxmo
105679329 otfl
106002677 qnug
107084590 pwna
107323100 qsmr
107340815 ffqv
107726390 utxj
108623193 hwyb
108652168 ajps
109052106 nlgu
109921797 cgsx
110472085 urbf
111075572 jfkw
112163437 opsa
113070066 npcy
113967132 lkwr
114460031 njgo
115354671 queu
115394712 jtuc
115579662 qqwc
116014125 goxi
116284822 goah
118867165 tlpb
119474803 upao
120239807 ltis
120264332 acur
120369199 pfqc
121086280 htko
121641231 sjot
121722188 wbxe
122286746 fvvp
123679872 ocjn
123872809 xppw
126593243 yivj
127098716 vlas
128236029 ffmi
128576212 vbbf
128775343 rude
129748873 voox
130385739 bfjf
130937112 epfo
132168648 mqjb
133198115 goos
134277561 rmdk
134660862 rcbs
134904610 npgh
135260553 aidb
135347095 lvhd
136727465 jdpy
137493135 vntl
137552929 rjak
138658671 ksuj
138720198 vmur
139116323 ysot
139407528 mjly
140799681 sdfj
140814527 vowe
141086056 yedu
141768477 tvgb
142098267 ftdp
142130725 qvjt
143136008 kfyj
143463276 jrcf
144424227 flhq
145610965 lynw
147414642 vdig
149967740 mnmb
150178293 flpx
151360957 onup
151825480 cony
151947114 tcgu
152480514 wlwf
153221815 hbch
153418536 nwkg
154017390 kfoe
154101749 krxu
154267751 wkca
154922387 gwld
155630480 rfnr
156163129 dqcq
156438516 gssf
156791895 fbav
158001425 vcej
159190462 lteu
159301539 ewqp
159473018 xlac
159521227 ghuj
159660488 xdao
160617363 jdyk
161388824 bxmc
161483915 johb
162601110 noeb
164123861 arov
164702360 qhto
164890718 iaat
165600887 vjjr
166631336 oute
166712840 tltc
167465714 jnko
167507154 uwvf
167903154 pduo
168026938 qlhq
168249000 pmqc
168454003 fjbt
169094182 apqn
169563395 gcsx
170602726 yncx
170704390 aahf
173964393 kwga
174099100 wjdk
174930834 jbeq
175159074 wudg
175424125 oqon
175916218 mjov
176553049 vqat
176586663 cepe
176800868 ecva
176804653 wmbp
177179602 skbd
177670418 rvsy
178625350 qhun
178637007 kwoh
178865487 oxqe
178955949 xgyu
179117036 vemc
179268575 hsdd
180444247 wuqq
180564985 fofc
180842519 msjg
182387056 svng
182577939 ofap
182622589 dmod
182776798 ssfp
182884107 mweu
183061065 aiqk
183526663 kxfa
183868531 rxyr
184471214 fjtj
184598992 ypcc
184721696 tpmq
185055096 fppf
185441964 ewan
186066472 npnc
186171657 sqwx
186410383 vvbk
187223132 wjbb
187406547 mvqt
187969356 ohyf
189058221 jpwb
189475943 ksfp
190271042 juuk
190554855 dagj
191733589 ijsh
192032430 ysso
192484098 mrrw
192547524 bbcg
193021832 crto
193590504 gecp
193698252 xwhj
193850116 kjbp
194509714 kkwa
194760116 wkry
197353125 pdkt
197692012 ocyi
197883677 fots
197898791 mkhf
197976061 dsdj
198293897 mexu
198490638 owqt
198991484 hpky
199353954 vsnh
199722587 rvsp
200405774 ejsr
200629349 ctbc
201347357 afbd
203138824 nhyo
203554499 ppsb
203654589 aryf
203943287 houi
204172577 hrrq
205031486 puhm
208326296 vjkp
208329119 nixy
208605739 qtch
208894909 fkla
208931463 xqdj
209191482 ciix
209192231 dvkx
209409619 xcrl
209628187 vgju
210837498 thpn
211290467 mbjb
211828828 calh
212673455 cvft
212732772 qxfh
212927166 hhsg
213244335 vhht
216234828 xhig
216264541 oksw
216539601 vkjm
216768468 tmcq
217822281 qlwb
219660375 qesu
220316943 eopt
220492262 wcoo
221111726 istr
221515660 shct
221935669 sdol
223111001 cmxi
224460225 xlgk
225426096 mlap
229322672 napo
229568463 rnoy
231999446 lycb
233314274 oacx
233500498 wakx
233817794 cgtr
234757023 yrfs
234758559 cuii
234761281 yagj
235627358 fwfj
236803631 evno
237163461 hker
237494408 bvtd
237811642 gval
238622758 ujhg
238679458 eygm
238913119 xnvw
238945455 rjnv
239512011 qfio
239855382 vuws
239924686 ytca
240281094 yihp
241130640 jnon
241849671 qpny
243078872 bjwy
243239039 gebf
243536948 rabh
245104648 riik
245943843 iues
246248122 vlld
247171998 ftji
247617861 kosq
247811934 akcr
248464827 wvhp
249180926 tgke
249690502 uyuj
249745551 rglg
250184372 uags
250306686 yrjk
251148988 teye
251421448 makp
252285914 rlsk
254770723 oqen
255244261 ridb
256051165 gbuf
256259131 huqj
256408344 ervg
256796499 ackq
258537544 tmwy
260021490 tfcg
260125423 mtxl
261732105 todc
263581585 wrpt
265452101 nwlw
265811326 lsun
265899657 kjqg
266789927 shde
266807168 ykwk
266928218 ujit
267459052 xtuk
267555410 yiex
267560283 ojjc
269574726 mjyi
269975684 efwc
272168829 ybpi
272526678 yeky
272697023 uboy
272840000 cpum
272965431 aqxt
274890696 uatn
275047149 hkco
275618270 wyka
276409576 mwqn
279618756 tbbw
280266021 uqgv
281822729 kiqa
282185654 uhev
282224794 oawx
282246450 ndog
282430234 klue
282563812 xchd
283302929 cfeo
283820853 prkg
286868048 myvn
287491689 lppc
287893591 geyp
288174668 tpjo
288330457 diji
288402110 mhll
288499083 ugul
289266418 mrfr
290055377 sato
290621361 ysvb
291766580 tigd
292810476 mlsv
293097181 berg
293793162 aenm
294114672 aoek
294149905 uxar
294509189 aalo
295651329 lxsl
295771806 wbux
295785071 ooca
295786314 llyc
296816916 mcxm
297216632 hthb
297783491 iqux
298404582 jtgi
298931272 mdcv
301006693 sctx
302264106 dgcy
302642972 ovyu
302791768 fugb
302843605 smua
303185861 yakp
303886286 unvp
304331211 jmdi
305139884 clnv
305207961 sulm
306112026 denq
306601965 gsse
308788268 bvjy
309226791 auuh
309407603 byhj
309786964 eqtl
309844223 svng
310226881 arri
310558077 ifrk
310584807 tgdm
310907980 lkol
311380162 elha
312029284 bwdq
312271737 ocre
315254134 vdtd
315300610 fluv
317061959 qkjc
318294360 xnyj
318376506 ilat
319078708 frqx
319255980 ecdc
320209979 fljh
322631836 fvui
323093318 ldqr
324082412 pjvl
325060289 masn
327210267 axui
327263169 kmnp
327999830 ajit
328170889 pdwa
329069452 rxtp
329109062 imoi
330480111 otft
330567960 kpkd
331077523 mouu
331606148 xkdn
332010820 nfal
332082830 wxxt
332954682 ycfa
334235943 fuoj
334378380 yaua
336163974 pjsi
338401985 scly
339255942 qntf
339734971 dgfu
340589010 scps
342410250 bpoc
342945992 umlm
343010735 nqpd
343157996 ckun
343576058 hnch
343627423 bhxn
343895095 rhte
344886667 usjr
345486177 mqtl
347300981 pfur
348153269 pulj
348370774 cwns
348476744 trhr
349574280 ihnq
351231897 vcrt
351673801 kije
351978248 sqit
352100719 niwv
352174778 dmbl
352740608 caai
355027076 cmam
355668311 rtkl
357491594 yili
357849702 mufo
359964710 rhqf
360337899 iaqg
362895652 yeyg
363397518 radw
363479522 rbkw
363515790 hmbu
364866679 ugap
365060913 hvrk
365649131 qxsd
366219487 meqg
366481333 lvgf
366591191 kyoy
367094489 gapp
368188569 uqdu
368723285 xgos
368939427 pogx
369079660 shhy
370820867 upia
371531739 yksp
373697594 xhpq
373714861 xmon
374195197 gruw
374690174 ntiw
375320563 tmft
376124832 hqlr
377957821 elcp
378310181 mgrm
380292282 thok
380459623 bbwh
380760686 qrrs
380826037 dblh
381767244 gcuw
381997136 ceqv
382037306 agvx
383591383 isxf
383707779 cpsp
384435639 bsae
384485485 gjrc
384985986 sefg
385204212 pxxr
385291828 uojf
385499929 bhxq
385859944 umiy
386993991 vgrw
387225344 rciu
387427439 unkr
388698549 iwte
392783099 pgup
393115905 nvpy
393657521 yivx
394592704 hgwr
394846375 vwne
395058082 aitg
396597668 kcde
397561772 seyw
397601687 vool
397606967 usel
397876825 yrjk
398610497 wawv
399153512 shel
400658360 kmbu
400992728 sfva
402000630 juxy
402020723 cnql
402183019 uiwg
403318836 nxpm
403774869 bwde
404282935 agmf
404705840 otgo
404784714 popl
404946779 skdv
405530942 wqae
405660847 mcfk
407260635 jggr
407287569 rqjp
407895874 ckot
408170023 vwbi
411283649 wwjf
411504568 fqaq
412966080 mlxa
414070789 lmyr
414117488 nnoh
414424449 plei
415361911 nuwj
415778278 xumb
416955269 lijo
417530655 mnsw
417666834 eidg
417703664 qrnj
417723304 wecx
417817180 wvnn
417869560 smaj
418067592 ewxr
418254236 veja
420238537 eufm
420424566 bjnu
420584560 pmvl
420897376 dtpp
421176606 ribg
422105424 bksg
422808388 htgx
423698715 whlq
424730412 urhw
424873239 wkaw
426825269 avix
426959998 aqln
426977919 pinw
427432292 nfsu
428183373 ubam
428480755 obvi
428782190 ctrd
429193855 bcrs
429477915 advk
429901777 guxv
431855946 odbv
432129157 bvgq
433511502 dpgb
434485652 caul
434615243 niln
436069582 hcrr
436392125 baeg
438509700 bwrn
439872967 nwdd
440953085 eaol
441984340 qgyx
442494172 hfcr
443275494 cthl
443511421 caus
443518728 mcps
443807449 ngjk
445039894 ynhf
445316285 khtx
446895481 coyo
447761892 soor
448260528 hswh
448400565 keab
449432850 caog
450145040 dxtj
451036550 kwat
451101237 jqtx
451158961 heyx
452892480 jhby
453425135 poen
453911486 mnwh
455141073 inkb
455858817 txvc
458230796 leyr
458278290 jagc
460073742 knnh
461646313 qmbn
462215844 nkpo
462276742 rwbm
462805185 wokt
464962955 ldfv
465650512 splq
465783192 fxks
466565496 ylux
466990646 ynit
467807908 xvrl
469291827 gqjn
469484942 naye
471294231 uqdk
474120853 eivs
474859571 dwee
476563574 hreu
477447831 wbas
478386541 deon
478586623 ojbr
478941107 lvfg
479844326 biyx
482075910 gdat
482679041 qhhc
483947612 vieh
484825983 dihy
487105231 ftdt
487560804 hdpk
488241983 ilhq
488471086 llxh
488691712 raxp
489033725 kjwj
490662555 gvlm
491066376 rpfo
491728525 dtjd
491937860 vgsw
492194277 pqdn
492567185 byfi
492648845 ryjq
493057768 cyul
493165736 fgwe
493872874 tfiu
494510680 gtlh
495841047 otyh
497610056 luto
498258424 kstp
498937963 gmpo
498977127 jepk
499957181 vwjy
500217827 nlog
500509097 gtck
501399019 lcmx
502351482 fpam
502788557 aesw
502790923 mcei
502844186 jxjv
503452847 rwng
503854989 sixw
505013852 itnv
507308433 gvce
507921535 yktr
508001651 gxyi
509162154 siay
510653977 erax
510773734 pomn
511148211 lcbn
511198955 ojop
512391354 nxlq
512854383 tclm
513408302 haje
515315389 mxhw
515558884 cdgx
515708681 yekm
516330946 eufs
516971534 jbqv
517614205 kkuu
517763721 leda
517857487 yuvi
519165178 hixu
519533878 vmkk
520634489 vljy
523316191 mseh
523689037 shfb
524210785 kvhu
524302783 rulf
524596176 ovud
525374388 vtpv
527128853 ftpv
527236363 svwu
528125061 pdwx
528372512 fpat
528555555 efta
528724776 uaql
528999487 fykn
529217997 qmfd
529377205 udyb
530133892 ghif
531198543 edkm
531386152 cpmx
532255893 eahm
532749100 luai
533317021 nkmm
533978866 ssmk
535744244 veua
537484357 keyh
537591280 dldb
537770705 ycxc
537890426 bwsk
538063126 xklj
538083993 sjyp
538383609 jahy
539408713 gevc
542839517 nquy
543259316 clqf
543557385 uoyd
543921699 cbsa
545512641 adpd
546280217 vnol
547762949 kwgy
547987161 ssxm
549545359 mwut
549824031 xeqp
551505504 eewd
553521505 butd
553533689 djcs
553613140 bdho
553938040 fiuc
554778726 uyco
556089200 rveu
556179622 mxsj
557020899 wnaa
557045821 ksmj
558012486 rabx
558135243 obqx
558369772 qgsi
558592722 spsw
558843349 mhlc
559197716 vkxl
559981643 uotw
560235203 vhdu
560696974 scfb
560773628 sink
561308111 ctxf
562010183 wuba
562334920 djdc
562715175 jolf
564053797 rqjr
564388242 korf
564838657 ojkn
565590797 hjlt
566561142 lcby
566632164 jndu
567004346 weck
567125017 expk
567202369 hayv
567361806 rate
567517326 bfeu
568458586 pxtq
568951865 wtdd
570248579 xjfb
571552572 tbhq
572173283 ycgb
573477215 htfe
574456315 yvpx
575120826 goxm
576104567 vsbl
576271817 mxgp
576510053 lvqi
578129071 xiuy
579124144 hdbg
580986692 ukaq
582204984 guor
583796899 ajvd
584496095 nklo
584497567 jgae
584954407 xsfq
586267816 smdf
587267823 daso
587312886 wfeg
588109184 lwjq
588194096 grkq
588394117 rvgu
588742436 labk
588810127 nhyt
588850259 oyuu
590135497 apng
590398569 rmyq
590516005 obge
591188982 snmw
591761097 qxil
592405016 cpla
595096323 ruah
595304587 etlp
595963324 fmdt
597156855 ueca
597555311 vahd
597874510 emyd
599190112 agqn
599264628 ogde
600409434 ngmv
600421475 kfoj
602634409 kvlk
604036028 yeri
604257301 mhoe
607325928 kfhd
607982589 ixnn
608533272 ejuw
608942300 rtcb
609734683 odhi
611421137 vbjl
611743124 divq
612078793 gpcq
612568260 hjbv
613323912 akjd
614295410 fsaa
615137149 twnv
615384810 aals
616585573 rfrv
618052232 vmed
621285373 yvrx
622119625 odyb
622228144 foph
622957455 ikhc
624063875 aspi
624334275 dnhe
625211876 mgxt
625465970 lvbu
627454491 peem
627780443 fbad
628898896 rnhu
631369318 inqa
631551504 sduc
632679639 aiid
633152121 byhf
633523833 ydnk
634313808 fsva
634572819 ocwh
634727785 wqfr
635489691 keuv
635592939 sbor
636041471 eexe
636667036 haqt
637423882 wouk
638523493 fsfk
641835690 oaco
643041358 vtwt
643553024 lngg
643660709 tueg
644503019 uxsx
644652020 yitj
645494577 etup
647127014 rhch
647861767 sbmc
648663552 wbwu
648987625 xhbk
649405951 uirm
649549142 hocl
652429387 oxbk
653701752 ubed
654032570 hwuf
655723064 ehgq
657580054 ersr
657588599 fcbv
657890577 wulj
658203981 elwm
659933749 ijuo
660329545 imok
660504518 gixf
661017357 kyby
661565334 yxxf
661822437 ynwl
662772561 hrnm
663515725 dsje
664452259 nbxr
665129183 bmib
666112369 sjyi
667512360 edra
667586432 abth
669438259 lgdb
669701117 jamf
670816852 koky
670945445 nqfr
671003153 cgjl
671012889 gixg
671093748 syvs
671142193 mfgb
671722026 aour
673386570 tejv
675288459 yphk
675698917 nlrb
675850736 vovn
677169970 yvyd
677793531 iwjv
679482016 shqk
680692309 gowq
681800647 urqx
682595382 dibb
684612754 urkj
685133922 glpg
685252745 hdgy
685924405 jbyn
685928810 rhsc
686242963 mfyf
686247609 oayi
686320259 emof
686447530 purs
687169742 xvem
687907285 abhj
688105458 cixc
688161654 ftnu
688484716 gami
689906019 trfe
689968147 wgsw
690301427 qyan
691133256 nyxk
692178377 ppbh
692418337 wndo
693621275 tkaq
694096940 kfhx
696605043 tpln
696710372 jmop
696817579 nhfi
697109018 hwjx
697341717 ueex
698205708 bmcn
698257578 walk
698841703 eamr
699088240 hlcq
699229461 qfgt
699768104 fawc
699876570 jjib
700168115 pvbn
700703383 dvtg
701083639 kfxd
701231882 mywr
701360070 xgmg
702158119 sgbw
702471168 lgac
702514183 agkj
704100584 gejs
704366057 rytr
706952005 pous
707343183 jqoi
708205807 mrrv
708804944 eemc
709077190 dppr
709085499 epvj
710156795 lgod
710191567 swnq
710961284 krtn
711066938 tgkl
711390712 ryeb
713057816 yute
714550136 fjbn
714678476 snlm
714902538 iqcp
715432543 brel
715779811 jctq
716467154 vcsd
716581226 evup
720641312 maoe
720909155 qpou
721398964 upan
722972924 kple
723164603 lmax
725129067 ocym
725174962 jrfg
725428386 euqu
725876745 skol
727203294 vtdy
728457840 ejbl
729827509 wbvt
730911250 pyhb
731060987 kxlg
731695907 dwyr
732731585 kubx
733755648 mlhk
736192554 pait
736302685 shwp
736590822 oyrm
737320827 lypv
737834794 squx
739915768 xymw
740758437 cvoy
740823583 jaxd
741364459 jxwv
741578384 mmcp
741788880 etrx
743698488 bhax
746416751 scde
747046967 knuq
748615409 yira
750299317 nhkv
750770522 qjxm
750829998 wmqp
751330603 gegg
752521456 lgnb
753804971 byfq
754024895 laia
754087332 iniq
754337351 qgjd
754743461 ycwk
754848953 ycie
756104889 rhcf
756807219 umlw
757104391 xfda
758046055 kdah
758635745 rabk
759122619 wecr
760588653 cxfc
760965622 hqtm
761035192 klrt
761230611 ppxr
761801580 lmyc
762067692 nhfr
762706956 yyyu
763809796 mpeh
764585512 alwm
765198375 jjkf
766570271 hjke
766819494 oegu
766882819 chrc
767164111 dxcs
767272965 ehmf
767582483 ejnq
768369407 kask
768870658 bqhx
769517749 kbcu
770077757 esca
770143460 hkbw
770252742 mmwr
770859480 weqo
770923404 vsag
771123547 mjar
771230411 bbwt
772327861 cnxh
773013883 xnpv
773297749 hpsu
773657082 jexm
774154505 meam
774159233 pviu
774419843 eewb
775333635 seey
775743057 gqtd
775772218 glha
775945137 yfoo
776206750 yhyw
777829141 mfjv
778027210 dpvh
778455683 xsqa
778766974 uebm
779102845 henm
779588684 korq
779734102 iaha
781155066 rvkk
781857314 jymk
782278281 lyqq
782964841 aqic
783207680 jprd
783484130 tdrh
784156878 eroo
784859857 dgxq
785069522 giqg
785932612 isfm
786798617 vlka
787826925 kyfp
788011439 dlmx
788012050 peno
788538809 vgns
789178884 nxpp
789494336 rtmx
789514956 cqnk
790389352 utbx
790719411 abko
791080818 gbhs
793189596 dlrc
794203616 isko
794482818 ybol
795004525 chlf
795113968 ytpg
795774655 ucii
796331506 kiml
796597870 xmvn
797904027 ovqt
798000680 obed
799081669 uuyu
799740678 prbo
800047558 uqpm
800194545 fuum
800274439 gxcl
800322306 jhsu
800464511 dcgb
803435507 yxfd
803666303 vgtn
805659231 vjjh
806477363 xtth
806865158 hcgw
806918511 aqms
806967460 alhi
808129162 dbyg
808152984 deex
808605879 eitj
808920562 pwrv
809493826 yrlx
809637419 bcwp
809655309 btks
811347986 mirq
811468997 peua
811498617 hodo
811670937 tnms
815090407 kgcp
815492655 csbs
815538026 jiro
818055420 bqkc
818727104 ndrj
818811364 rcwl
818821937 sxnu
819396796 syvq
819442630 sxpm
819757674 njfm
820658387 flla
820919729 otoi
820952207 likf
822071731 trfq
822928061 sauv
823078626 rhmw
824259537 eiuj
824905125 bjdl
826674936 atdq
827427917 xfau
828137527 knfj
828204425 fqnn
828716034 mlum
829264216 cgrn
830103580 wouj
830228361 xclr
830313150 qnuh
830313343 vdkx
830330026 xwfd
830759326 mmdf
834505408 bfyo
834935096 wxht
835311305 tyrm
836212502 vfor
836597079 tefm
838217027 dnxu
838368879 maih
839812578 falv
839920780 umot
839968539 otyb
840542143 hqrk
840579357 xmqs
841202114 oxcu
841680430 ocyp
841839520 rsql
842340326 cftv
843477290 ukfv
845148666 anak
847464990 retb
848016645 yfkf
851634826 tsnd
851719952 xqte
852481675 xpjs
853960625 gmye
854223228 rpjx
854432578 hlwp
855341530 bdyt
857710742 nnpb
858144408 imya
859234113 uhhb
859482048 jmbh
859628568 wyra
859846895 ajbt
860054857 pons
860390461 bvhk
861183673 mvlu
861912127 tcwr
862648989 ctef
862650719 iuyy
862653134 wqtp
862690310 cjex
864492010 onjf
865508429 dbtt
866235666 murq
866804042 danq
867339791 npse
868185063 adpu
868321292 btwe
869105991 ytpe
870293035 hljf
870396311 ftab
870504970 yotv
871483841 fcvy
873122844 gexp
873598240 rspv
874265232 fvhh
874265354 acof
875982643 yvcu
876244593 qxit
876619137 fqbo
877433158 nrbs
877651175 uvbt
878711920 wqsf
880340090 lqrq
882627542 rnme
883748086 hmfq
884842452 nkrg
884951477 wyka
885171340 faka
885211624 gvja
885675194 apnv
886659009 aqkg
888206543 waro
888622561 lgxs
889560885 wrxm
889717262 svoa
890474952 acns
890538849 oeuv
890681485 ynyw
891507118 yivb
893266740 mvup
893489208 snqn
893579926 lont
893662752 vaoa
893805984 fcca
894883270 ikgg
895553172 jbbe
896579615 nbif
897172297 hgjn
899533366 ibmw
899884886 jeaj
900488782 afio
901085380 onsf
901684179 mtdy
901771385 fgyu
901843078 dnxd
903080893 tcpo
903623999 fdku
904096658 abop
904282543 nwns
904810271 wmhd
904984283 eqdk
906021053 jysi
907903881 juxb
909489262 mdua
911879361 anbj
914595527 cpxt
915412570 vxjm
915853950 cjgt
918479374 yjkg
918777046 hccu
919687679 umkk
920471704 ejqf
921406055 vujt
922325668 sbgd
922846396 qpqs
922913557 ejow
922934227 kwom
923969474 kard
924795523 hflv
925965654 jott
926181389 plsw
926725457 wvfg
927816626 ptvv
927938493 kkqr
928216265 lrqr
930036097 aspq
930492575 lyyh
932156850 itea
932255879 aooe
932642829 qxnu
933590951 pvwj
934322695 ydtf
934447012 niyl
934831823 cyhe
935168845 httr
935587161 hdbr
937296153 ibch
937670068 qmqy
938085118 ludt
938193796 qsfj
938775355 gahl
939861748 gxnc
941817789 quuv
943395290 gbum
943618859 ofxi
944415507 twxt
944487155 elln
945108806 ewsp
945199890 bhjv
945576198 lyek
945664331 xxup
945776433 txqg
946137465 mlqh
946689763 pfrr
946759391 gesv
947758984 mbbi
949057867 wpuw
949227876 dkgq
949829917 jjvx
949951360 hmwj
950198317 elpx
950322477 brmm
951107702 ywce
952152267 dtyu
952632623 vjah
954021249 ovkp
954246052 kpmx
954527915 tkld
955089555 wnee
955931777 irvf
956424830 krmg
956977125 dpbh
957024998 inii
957174042 bqec
957861526 bsoy
958602587 vtcr
958732905 vuhy
959655951 dryn
960165877 qyeg
960371394 fgkv
961214220 exut
961225261 feww
962792569 bcrf
963996877 xgxf
964036423 dgcl
964107550 yfwb
964130973 aubc
964555376 ndyp
964778692 ahdu
965336373 dawa
965361814 stnm
965539618 euoh
965694606 gxlc
965997697 wwfi
967452373 rcyt
967636187 rxli
967771985 scxo
968056232 ubnt
968157650 vxsf
968252038 bljv
968964752 jibh
970626421 dcqn
970945651 rios
971569740 cbpo
971636619 bsxa
972183704 gvbm
972541514 iqqa
972827662 lecp
972958015 tlvw
974335078 fsst
976063681 pigr
976423673 udti
976624459 rnll
977165626 uijl
977906268 ldph
977973694 lkpb
977981936 nhxc
978190557 wnpq
978394022 lngu
982166501 dxmr
982763832 eoqj
983440787 jysk
984075258 aegj
984236995 xcbb
984565030 aodp
985356451 wvel
985412304 spwd
985482915 bivd
986705793 xckb
986848815 rfmp
987117327 hrom
987613122 fxws
988870124 kwbj
992084424 mtvv
992215226 dctl
993678089 hhht
993706376 aart
994926642 bksg
995423430 avyn
995710356 tbmg
995939608 cmrw
996152352 baga
996256901 jqqi
996336284 xopo
997383505 wsym
997503388 htis
998957143 tpdr
999436007 kxkb
999736582 kxtk
999832057 lnea
OK
ERROR
OK
ERROR
OK
ERROR
OK
ERROR
OK
ERROR
OK
ERROR
OK
ERROR
OK
ERROR
OK
ERROR
OK
ERROR
OK
ERROR
OK
ERROR
OK
ERROR
OK
ERROR
OK
ERROR
OK
ERROR
OK
ERROR
OK
ERROR
OK
ERROR
OK
ERROR
OK
ERROR
OK
ERROR
OK
ERROR
OK
ERROR
OK
ERROR
OK
ERROR
OK
ERROR
OK
ERROR
OK
ERROR
OK
ERROR
OK
ERROR
OK
ERROR
OK
ERROR
OK
ERROR
OK
ERROR
OK
ERROR
OK
ERROR
OK
ERROR
OK
ERROR
OK
ERROR
OK
ERROR
OK
ERROR
OK
ERROR
OK
ERROR
OK
ERROR
OK
ERROR
OK
ERROR
OK
ERROR
OK
ERROR
OK
ERROR
OK
ERROR
OK
ERROR
OK
ERROR
OK
ERROR
OK
ERROR
OK
ERROR
OK
ERROR
OK
ERROR
OK
ERROR
OK
ERROR
OK
ERROR
OK
ERROR
OK
ERROR
OK
ERROR
OK
ERROR
OK
ERROR
OK
ERROR
OK
ERROR
OK
ERROR
OK
ERROR
OK
ERROR
OK
ERROR
OK
ERROR
OK
ERROR
OK
ERROR
OK
ERROR
OK
ERROR
OK
ERROR
OK
ERROR
OK
ERROR
OK
ERROR
OK
ERROR
OK
ERROR
OK
ERROR
OK
ERROR
OK
ERROR
OK
ERROR
OK
ERROR
OK
ERROR
OK
ERROR
OK
ERROR
OK
ERROR
OK
ERROR
OK
ERROR
OK
ERROR
OK
ERROR
OK
ERROR
OK
ERROR
OK
ERROR
OK
ERROR
OK
ERROR
OK
ERROR
OK
ERROR
OK
ERROR
OK
ERROR
OK
ERROR
OK
ERROR
OK
ERROR
OK
ERROR
OK
ERROR
OK
ERROR
OK
ERROR
OK
ERROR
OK
ERROR
OK
ERROR
OK
ERROR
OK
ERROR
OK
ERROR
OK
ERROR
OK
ERROR
OK
ERROR
OK
ERROR
OK
ERROR
OK
ERROR
OK
ERROR
OK
ERROR
OK
ERROR
OK
ERROR
OK
ERROR
OK
ERROR
OK
ERROR
OK
ERROR
OK
ERROR
OK
ERROR
OK
ERROR
OK
ERROR
OK
ERROR
OK
ERROR
OK
ERROR
OK
ERROR
OK
ERROR
OK
ERROR
OK
ERROR
OK
ERROR
OK
ERROR
OK
ERROR
OK
ERROR
OK
ERROR
OK
ERROR
OK
ERROR
OK
ERROR
OK
ERROR
OK
ERROR
OK
ERROR
OK
ERROR
OK
ERROR
OK
ERROR
OK
ERROR
OK
ERROR
OK
ERROR
OK
ERROR
OK
ERROR
OK
ERROR
OK
ERROR
OK
ERROR
OK
ERROR
OK
OK
OK
OK
OK
OK
OK
OK
OK
OK
OK
OK
OK
OK
OK
OK
OK
OK
OK
OK
OK
OK
OK
OK
OK
OK
OK
OK
OK
OK
OK
OK
OK
OK
OK
OK
OK
OK
OK
OK
OK
OK
OK
OK
OK
OK
OK
OK
OK
OK
OK
OK
OK
OK
OK
OK
OK
OK
OK
OK
OK
OK
OK
OK
OK
OK
OK
OK
OK
OK
OK
OK
OK
OK
OK
OK
OK
OK
OK
OK
OK
OK
OK
OK
OK
OK
OK
OK
OK
OK
OK
OK
OK
OK
OK
OK
OK
OK
OK
OK
OK
OK
OK
OK
OK
OK
OK
OK
OK
OK
OK
OK
OK
OK
OK
OK
OK
OK
OK
OK
OK
OK
OK
OK
OK
OK
OK
OK
OK
OK
OK
OK
OK
OK
OK
OK
OK
OK
OK
OK
OK
OK
OK
OK
OK
OK
OK
OK
OK
OK
OK
OK
OK
OK
OK
OK
OK
OK
OK
OK
OK
OK
OK
OK
OK
OK
OK
OK
000159203 xmuj
000953080 jvxj
001393010 ywwq
002585922 nvbn
002813179 ygmv
003449899 fkge
003537209 tgyn
003561276 eymm
004986250 hppb
006133059 fxhn
007080351 ewye
007652604 toli
007974874 vtuh
008452922 vvhx
009209098 lgnh
009553841 iifs
009571769 xtbw
009891687 qmia
010064820 uibv
010351817 pvvc
010359353 xvvp
011863186 yldl
013971981 posy
017497675 hvns
018163627 apoy
018245206 tepp
018742196 qjch
018941355 aiyp
019060188 wmli
020205795 gfmu
020354338 liuw
020745032 etfn
026467941 dcjg
027503551 ypnh
029319729 mpji
030308935 sceg
030435999 wmrn
030932405 augq
031643385 gfvp
032484768 ftrq
033760405 nnlo
034015108 utaj
034328907 soqk
034451589 yarg
035190964 ynfu
035362375 lgit
035398338 badq
035691303 ifjd
036013247 ycbb
036570464 yoyo
036720011 urlg
037487467 tgdo
040425006 npla
042052405 smlh
044273008 umai
045282661 bclq
045442500 ukhc
045565889 brir
046247126 dmot
047638049 molr
048314216 aaus
049852006 vnvx
049876845 lrdb
050394961 ylvs
050516054 iemb
050922271 eocf
051766432 hujg
055171399 njqa
055804252 ykfu
056597333 kexf
057948116 fqju
059153617 sjix
059325762 dohl
061323475 mdha
061620598 dxmw
061783018 tkwa
063813632 osae
064851827 amsf
064901529 gjpb
064994784 yudl
065809010 crnt
068105628 kxla
068840132 sxsi
071679238 vuia
072621193 xhyi
074234674 avso
074413193 ifsa
074634254 dnsb
075169275 folv
075553252 vgbh
076182702 soyx
076217193 ytro
077061200 mtqb
078945390 komf
078989631 ctna
079093639 rcvf
079142606 tdfm
081175815 iwdj
082588838 dmqj
083086432 wlsy
083116820 nqvf
085838664 ohkg
088099116 mspe
089183750 rpio
090097581 uaky
091487114 hhws
092957636 tbuk
096142804 kshp
096652030 ekeb
097017125 vbyn
098748637 kefv
098830406 ongm
100189136 rcwk
100723728 ejhq
100891024 qtpm
101460647 gygj
102271750 lkfi
103030384 ifgr
105679329 otfl
106002677 qnug
107084590 pwna
107340815 ffqv
107726390 utxj
109052106 nlgu
109921797 cgsx
110472085 urbf
112163437 opsa
113070066 npcy
113967132 lkwr
114460031 njgo
115394712 jtuc
115579662 qqwc
116014125 goxi
116284822 goah
119474803 upao
120239807 ltis
120264332 acur
120369199 pfqc
121086280 htko
121641231 sjot
122286746 fvvp
123679872 ocjn
123872809 xppw
127098716 vlas
128236029 ffmi
128576212 vbbf
128775343 rude
129748873 voox
130385739 bfjf
132168648 mqjb
134277561 rmdk
134660862 rcbs
135260553 aidb
135347095 lvhd
136727465 jdpy
137493135 vntl
137552929 rjak
138720198 vmur
139407528 mjly
140814527 vowe
141768477 tvgb
142098267 ftdp
142130725 qvjt
143136008 kfyj
143463276 jrcf
144424227 flhq
145610965 lynw
147414642 vdig
149967740 mnmb
151825480 cony
151947114 tcgu
152480514 wlwf
153221815 hbch
154017390 kfoe
154101749 krxu
154267751 wkca
154922387 gwld
155630480 rfnr
156163129 dqcq
156791895 fbav
158001425 vcej
159301539 ewqp
159473018 xlac
159521227 ghuj
159660488 xdao
160617363 jdyk
164123861 arov
164702360 qhto
165600887 vjjr
166631336 oute
166712840 tltc
167903154 pduo
168026938 qlhq
168249000 pmqc
169563395 gcsx
170704390 aahf
173964393 kwga
174099100 wjdk
174930834 jbeq
175424125 oqon
175916218 mjov
176553049 vqat
176586663 cepe
176800868 ecva
176804653 wmbp
177179602 skbd
177670418 rvsy
178955949 xgyu
179117036 vemc
180444247 wuqq
180842519 msjg
182577939 ofap
182622589 dmod
182776798 ssfp
182884107 mweu
183061065 aiqk
183526663 kxfa
183868531 rxyr
184598992 ypcc
184721696 tpmq
185055096 fppf
185441964 ewan
186066472 npnc
186171657 sqwx
186410383 vvbk
187223132 wjbb
187406547 mvqt
187969356 ohyf
189475943 ksfp
190271042 juuk
190554855 dagj
191733589 ijsh
192032430 ysso
192547524 bbcg
193021832 crto
193590504 gecp
193698252 xwhj
193850116 kjbp
194509714 kkwa
194760116 wkry
197883677 fots
197898791 mkhf
197976061 dsdj
199353954 vsnh
199722587 rvsp
200405774 ejsr
201347357 afbd
203654589 aryf
203943287 houi
204172577 hrrq
205031486 puhm
208329119 nixy
208605739 qtch
208894909 fkla
209192231 dvkx
209409619 xcrl
210837498 thpn
211828828 calh
212673455 cvft
212732772 qxfh
212927166 hhsg
213244335 vhht
216539601 vkjm
216768468 tmcq
217822281 qlwb
219660375 qesu
220316943 eopt
220492262 wcoo
221111726 istr
221935669 sdol
223111001 cmxi
224460225 xlgk
225426096 mlap
229568463 rnoy
231999446 lycb
233314274 oacx
233500498 wakx
234757023 yrfs
234761281 yagj
235627358 fwfj
236803631 evno
237494408 bvtd
237811642 gval
238679458 eygm
238913119 xnvw
238945455 rjnv
239512011 qfio
239855382 vuws
239924686 ytca
240281094 yihp
241130640 jnon
241849671 qpny
243078872 bjwy
245943843 iues
247171998 ftji
247617861 kosq
249180926 tgke
249690502 uyuj
249745551 rglg
250184372 uags
250306686 yrjk
251148988 teye
254770723 oqen
255244261 ridb
256051165 gbuf
256259131 huqj
256408344 ervg
256796499 ackq
258537544 tmwy
260021490 tfcg
260125423 mtxl
261732105 todc
263581585 wrpt
265452101 nwlw
265811326 lsun
265899657 kjqg
266789927 shde
266807168 ykwk
267555410 yiex
267560283 ojjc
269975684 efwc
272168829 ybpi
272526678 yeky
272697023 uboy
272840000 cpum
272965431 aqxt
274890696 uatn
275047149 hkco
276409576 mwqn
279618756 tbbw
280266021 uqgv
281822729 kiqa
282185654 uhev
282224794 oawx
282246450 ndog
282430234 klue
283302929 cfeo
283820853 prkg
286868048 myvn
287491689 lppc
287893591 geyp
288174668 tpjo
288330457 diji
288402110 mhll
288499083 ugul
289266418 mrfr
290055377 sato
291766580 tigd
292810476 mlsv
293097181 berg
293793162 aenm
294114672 aoek
294509189 aalo
295651329 lxsl
295771806 wbux
295785071 ooca
295786314 llyc
296816916 mcxm
297216632 hthb
297783491 iqux
298404582 jtgi
298931272 mdcv
301006693 sctx
302264106 dgcy
302642972 ovyu
302791768 fugb
303185861 yakp
303886286 unvp
304331211 jmdi
306112026 denq
306601965 gsse
308788268 bvjy
309226791 auuh
309407603 byhj
309786964 eqtl
309844223 svng
310226881 arri
310558077 ifrk
310584807 tgdm
310907980 lkol
318294360 xnyj
318376506 ilat
319078708 frqx
319255980 ecdc
320209979 fljh
322631836 fvui
324082412 pjvl
327210267 axui
327263169 kmnp
328170889 pdwa
329069452 rxtp
329109062 imoi
330480111 otft
330567960 kpkd
332082830 wxxt
334235943 fuoj
336163974 pjsi
338401985 scly
339734971 dgfu
342410250 bpoc
343157996 ckun
343576058 hnch
343627423 bhxn
344886667 usjr
345486177 mqtl
348153269 pulj
348476744 trhr
351673801 kije
351978248 sqit
352100719 niwv
352174778 dmbl
352740608 caai
355027076 cmam
355668311 rtkl
357491594 yili
357849702 mufo
359964710 rhqf
360337899 iaqg
362895652 yeyg
363397518 radw
363479522 rbkw
363515790 hmbu
364866679 ugap
365060913 hvrk
365649131 qxsd
366481333 lvgf
366591191 kyoy
367094489 gapp
368188569 uqdu
368939427 pogx
369079660 shhy
370820867 upia
371531739 yksp
373714861 xmon
374195197 gruw
374690174 ntiw
375320563 tmft
376124832 hqlr
377957821 elcp
380292282 thok
380459623 bbwh
380760686 qrrs
380826037 dblh
381997136 ceqv
382037306 agvx
383591383 isxf
383707779 cpsp
384435639 bsae
384485485 gjrc
385204212 pxxr
385291828 uojf
385499929 bhxq
385859944 umiy
386993991 vgrw
392783099 pgup
393115905 nvpy
394846375 vwne
397561772 seyw
397606967 usel
397876825 yrjk
398610497 wawv
399153512 shel
400658360 kmbu
400992728 sfva
402000630 juxy
402020723 cnql
402183019 uiwg
403318836 nxpm
403774869 bwde
404282935 agmf
404946779 skdv
405530942 wqae
407260635 jggr
407287569 rqjp
407895874 ckot
411283649 wwjf
412966080 mlxa
414070789 lmyr
414117488 nnoh
414424449 plei
415778278 xumb
416955269 lijo
417530655 mnsw
417666834 eidg
417703664 qrnj
417723304 wecx
417817180 wvnn
418067592 ewxr
418254236 veja
420238537 eufm
420424566 bjnu
420584560 pmvl
421176606 ribg
423698715 whlq
424730412 urhw
424873239 wkaw
426825269 avix
426959998 aqln
427432292 nfsu
428183373 ubam
428782190 ctrd
429193855 bcrs
429477915 advk
429901777 guxv
431855946 odbv
432129157 bvgq
433511502 dpgb
434485652 caul
434615243 niln
436392125 baeg
438509700 bwrn
440953085 eaol
441984340 qgyx
443275494 cthl
443511421 caus
443807449 ngjk
445039894 ynhf
445316285 khtx
446895481 coyo
447761892 soor
448400565 keab
449432850 caog
450145040 dxtj
451036550 kwat
451101237 jqtx
452892480 jhby
453425135 poen
453911486 mnwh
455141073 inkb
455858817 txvc
458230796 leyr
458278290 jagc
461646313 qmbn
462215844 nkpo
462276742 rwbm
462805185 wokt
464962955 ldfv
465650512 splq
465783192 fxks
466565496 ylux
466990646 ynit
467807908 xvrl
469291827 gqjn
469484942 naye
471294231 uqdk
474859571 dwee
477447831 wbas
478386541 deon
478586623 ojbr
478941107 lvfg
479844326 biyx
482075910 gdat
483947612 vieh
484825983 dihy
487105231 ftdt
487560804 hdpk
488241983 ilhq
488471086 llxh
489033725 kjwj
491066376 rpfo
492194277 pqdn
492648845 ryjq
493057768 cyul
493872874 tfiu
494510680 gtlh
495841047 otyh
497610056 luto
498258424 kstp
498937963 gmpo
498977127 jepk
500217827 nlog
500509097 gtck
502351482 fpam
502788557 aesw
502844186 jxjv
503452847 rwng
503854989 sixw
505013852 itnv
507308433 gvce
507921535 yktr
508001651 gxyi
509162154 siay
510653977 erax
511198955 ojop
512391354 nxlq
512854383 tclm
513408302 haje
515315389 mxhw
515558884 cdgx
515708681 yekm
516971534 jbqv
517857487 yuvi
519165178 hixu
520634489 vljy
523316191 mseh
523689037 shfb
524210785 kvhu
524302783 rulf
524596176 ovud
527128853 ftpv
527236363 svwu
528125061 pdwx
528372512 fpat
528555555 efta
528999487 fykn
529217997 qmfd
529377205 udyb
530133892 ghif
531198543 edkm
531386152 cpmx
532255893 eahm
532749100 luai
533317021 nkmm
537484357 keyh
537591280 dldb
537770705 ycxc
537890426 bwsk
538063126 xklj
538083993 sjyp
538383609 jahy
539408713 gevc
542839517 nquy
543557385 uoyd
545512641 adpd
546280217 vnol
549545359 mwut
549824031 xeqp
551505504 eewd
553521505 butd
553613140 bdho
553938040 fiuc
556089200 rveu
556179622 mxsj
557020899 wnaa
557045821 ksmj
558012486 rabx
558135243 obqx
558843349 mhlc
559197716 vkxl
560235203 vhdu
560696974 scfb
560773628 sink
561308111 ctxf
562010183 wuba
562334920 djdc
562715175 jolf
564053797 rqjr
564388242 korf
564838657 ojkn
565590797 hjlt
566561142 lcby
567004346 weck
567125017 expk
567202369 hayv
567361806 rate
567517326 bfeu
568458586 pxtq
568951865 wtdd
571552572 tbhq
572173283 ycgb
573477215 htfe
574456315 yvpx
576104567 vsbl
576510053 lvqi
578129071 xiuy
579124144 hdbg
583796899 ajvd
584496095 nklo
584497567 jgae
584954407 xsfq
586267816 smdf
587267823 daso
587312886 wfeg
588109184 lwjq
588194096 grkq
588742436 labk
588810127 nhyt
588850259 oyuu
590135497 apng
590398569 rmyq
590516005 obge
591188982 snmw
591761097 qxil
592405016 cpla
595096323 ruah
597156855 ueca
597555311 vahd
597874510 emyd
599190112 agqn
599264628 ogde
600409434 ngmv
600421475 kfoj
602634409 kvlk
604036028 yeri
604257301 mhoe
607325928 kfhd
607982589 ixnn
608942300 rtcb
609734683 odhi
611421137 vbjl
611743124 divq
612078793 gpcq
612568260 hjbv
613323912 akjd
614295410 fsaa
615384810 aals
616585573 rfrv
618052232 vmed
622119625 odyb
622228144 foph
622957455 ikhc
624063875 aspi
624334275 dnhe
627780443 fbad
631369318 inqa
631551504 sduc
633152121 byhf
633523833 ydnk
634313808 fsva
634572819 ocwh
634727785 wqfr
635592939 sbor
636041471 eexe
636667036 haqt
637423882 wouk
638523493 fsfk
643553024 lngg
643660709 tueg
644503019 uxsx
644652020 yitj
645494577 etup
647127014 rhch
647861767 sbmc
648663552 wbwu
649405951 uirm
649549142 hocl
652429387 oxbk
653701752 ubed
654032570 hwuf
655723064 ehgq
657580054 ersr
657588599 fcbv
658203981 elwm
659933749 ijuo
660329545 imok
660504518 gixf
661017357 kyby
661565334 yxxf
661822437 ynwl
662772561 hrnm
664452259 nbxr
665129183 bmib
666112369 sjyi
667512360 edra
667586432 abth
669438259 lgdb
669701117 jamf
670816852 koky
670945445 nqfr
671003153 cgjl
671012889 gixg
671142193 mfgb
671722026 aour
673386570 tejv
675288459 yphk
675850736 vovn
677169970 yvyd
677793531 iwjv
680692309 gowq
682595382 dibb
684612754 urkj
685133922 glpg
685252745 hdgy
685924405 jbyn
685928810 rhsc
686242963 mfyf
686247609 oayi
686320259 emof
687169742 xvem
687907285 abhj
688105458 cixc
688484716 gami
689906019 trfe
689968147 wgsw
691133256 nyxk
692178377 ppbh
693621275 tkaq
694096940 kfhx
696605043 tpln
696710372 jmop
696817579 nhfi
697109018 hwjx
697341717 ueex
699088240 hlcq
699229461 qfgt
699768104 fawc
700168115 pvbn
700703383 dvtg
701083639 kfxd
701360070 xgmg
702158119 sgbw
702514183 agkj
704100584 gejs
704366057 rytr
706952005 pous
707343183 jqoi
708205807 mrrv
708804944 eemc
709077190 dppr
709085499 epvj
710156795 lgod
710191567 swnq
710961284 krtn
711066938 tgkl
711390712 ryeb
713057816 yute
714678476 snlm
714902538 iqcp
715432543 brel
715779811 jctq
716467154 vcsd
716581226 evup
720641312 maoe
721398964 upan
723164603 lmax
725129067 ocym
725428386 euqu
725876745 skol
727203294 vtdy
728457840 ejbl
729827509 wbvt
730911250 pyhb
731060987 kxlg
732731585 kubx
733755648 mlhk
736192554 pait
736302685 shwp
736590822 oyrm
737320827 lypv
737834794 squx
740823583 jaxd
741364459 jxwv
743698488 bhax
746416751 scde
747046967 knuq
748615409 yira
750770522 qjxm
750829998 wmqp
751330603 gegg
753804971 byfq
754337351 qgjd
754743461 ycwk
754848953 ycie
756104889 rhcf
756807219 umlw
757104391 xfda
758046055 kdah
758635745 rabk
759122619 wecr
760588653 cxfc
760965622 hqtm
761035192 klrt
761230611 ppxr
761801580 lmyc
762067692 nhfr
762706956 yyyu
763809796 mpeh
764585512 alwm
766819494 oegu
766882819 chrc
767164111 dxcs
767272965 ehmf
768369407 kask
768870658 bqhx
769517749 kbcu
770077757 esca
770143460 hkbw
770859480 weqo
770923404 vsag
771123547 mjar
771230411 bbwt
772327861 cnxh
773013883 xnpv
773657082 jexm
774154505 meam
774159233 pviu
774419843 eewb
775333635 seey
775945137 yfoo
776206750 yhyw
777829141 mfjv
778027210 dpvh
778455683 xsqa
779102845 henm
779588684 korq
779734102 iaha
781155066 rvkk
781857314 jymk
782278281 lyqq
782964841 aqic
783484130 tdrh
784859857 dgxq
785069522 giqg
785932612 isfm
786798617 vlka
787826925 kyfp
788011439 dlmx
788538809 vgns
789514956 cqnk
790389352 utbx
791080818 gbhs
794203616 isko
795004525 chlf
795774655 ucii
796597870 xmvn
797904027 ovqt
798000680 obed
799081669 uuyu
799740678 prbo
800047558 uqpm
800194545 fuum
800274439 gxcl
800464511 dcgb
803435507 yxfd
803666303 vgtn
806477363 xtth
806865158 hcgw
806918511 aqms
806967460 alhi
808129162 dbyg
808152984 deex
808605879 eitj
808920562 pwrv
809493826 yrlx
809637419 bcwp
809655309 btks
811347986 mirq
811498617 hodo
815090407 kgcp
815492655 csbs
815538026 jiro
818055420 bqkc
818727104 ndrj
818811364 rcwl
819442630 sxpm
820658387 flla
820919729 otoi
820952207 likf
822071731 trfq
822928061 sauv
823078626 rhmw
824259537 eiuj
824905125 bjdl
826674936 atdq
827427917 xfau
828137527 knfj
828204425 fqnn
828716034 mlum
829264216 cgrn
830103580 wouj
830228361 xclr
830313150 qnuh
830759326 mmdf
834505408 bfyo
834935096 wxht
835311305 tyrm
836212502 vfor
836597079 tefm
838217027 dnxu
838368879 maih
839968539 otyb
840542143 hqrk
840579357 xmqs
841202114 oxcu
841680430 ocyp
841839520 rsql
843477290 ukfv
845148666 anak
847464990 retb
848016645 yfkf
851634826 tsnd
851719952 xqte
852481675 xpjs
854223228 rpjx
854432578 hlwp
855341530 bdyt
857710742 nnpb
858144408 imya
859234113 uhhb
859482048 jmbh
859846895 ajbt
860054857 pons
860390461 bvhk
861183673 mvlu
861912127 tcwr
862690310 cjex
864492010 onjf
865508429 dbtt
866804042 danq
867339791 npse
868185063 adpu
868321292 btwe
869105991 ytpe
870293035 hljf
870504970 yotv
871483841 fcvy
873122844 gexp
873598240 rspv
874265232 fvhh
876244593 qxit
876619137 fqbo
877433158 nrbs
877651175 uvbt
878711920 wqsf
880340090 lqrq
882627542 rnme
883748086 hmfq
884951477 wyka
885171340 faka
885211624 gvja
888206543 waro
888622561 lgxs
889560885 wrxm
889717262 svoa
890474952 acns
890538849 oeuv
890681485 ynyw
893266740 mvup
893489208 snqn
893579926 lont
893662752 vaoa
893805984 fcca
894883270 ikgg
895553172 jbbe
896579615 nbif
897172297 hgjn
899533366 ibmw
899884886 jeaj
900488782 afio
901085380 onsf
901684179 mtdy
901771385 fgyu
901843078 dnxd
903080893 tcpo
904096658 abop
904282543 nwns
904810271 wmhd
904984283 eqdk
907903881 juxb
909489262 mdua
911879361 anbj
914595527 cpxt
915412570 vxjm
920471704 ejqf
921406055 vujt
922325668 sbgd
922846396 qpqs
922934227 kwom
923969474 kard
924795523 hflv
925965654 jott
926181389 plsw
926725457 wvfg
927816626 ptvv
927938493 kkqr
928216265 lrqr
930492575 lyyh
932156850 itea
932255879 aooe
932642829 qxnu
933590951 pvwj
934322695 ydtf
934447012 niyl
934831823 cyhe
935168845 httr
935587161 hdbr
937296153 ibch
937670068 qmqy
938085118 ludt
938193796 qsfj
938775355 gahl
939861748 gxnc
941817789 quuv
943618859 ofxi
944415507 twxt
945108806 ewsp
945199890 bhjv
945776433 txqg
946137465 mlqh
946689763 pfrr
946759391 gesv
947758984 mbbi
949057867 wpuw
949227876 dkgq
949951360 hmwj
950198317 elpx
950322477 brmm
951107702 ywce
952152267 dtyu
952632623 vjah
954021249 ovkp
955089555 wnee
955931777 irvf
956424830 krmg
956977125 dpbh
957174042 bqec
957861526 bsoy
958602587 vtcr
958732905 vuhy
959655951 dryn
960371394 fgkv
961214220 exut
961225261 feww
962792569 bcrf
963996877 xgxf
964036423 dgcl
964107550 yfwb
964130973 aubc
964778692 ahdu
965361814 stnm
965539618 euoh
965694606 gxlc
967452373 rcyt
967636187 rxli
967771985 scxo
968056232 ubnt
968157650 vxsf
968252038 bljv
968964752 jibh
970626421 dcqn
970945651 rios
971636619 bsxa
972183704 gvbm
972541514 iqqa
972827662 lecp
972958015 tlvw
976063681 pigr
976624459 rnll
977906268 ldph
977973694 lkpb
977981936 nhxc
978394022 lngu
982166501 dxmr
983440787 jysk
984075258 aegj
984236995 xcbb
985356451 wvel
985412304 spwd
986705793 xckb
986848815 rfmp
987613122 fxws
988870124 kwbj
992084424 mtvv
992215226 dctl
993678089 hhht
993706376 aart
994926642 bksg
995423430 avyn
995710356 tbmg
995939608 cmrw
996256901 jqqi
997383505 wsym
997503388 htis
999436007 kxkb
999736582 kxtk
999832057 lnea
ERROR
ERROR
ERROR
ERROR
ERROR
ERROR
ERROR
ERROR
ERROR
ERROR
ERROR
ERROR
ERROR
ERROR
ERROR
ERROR
ERROR
ERROR
ERROR
ERROR
ERROR
ERROR
ERROR
ERROR
ERROR
ERROR
ERROR
ERROR
ERROR
ERROR
ERROR
ERROR
ERROR
ERROR
ERROR
ERROR
ERROR
ERROR
ERROR
ERROR
ERROR
ERROR
ERROR
ERROR
ERROR
ERROR
ERROR
ERROR
ERROR
ERROR
ERROR
ERROR
ERROR
ERROR
ERROR
ERROR
ERROR
ERROR
ERROR
ERROR
ERROR
ERROR
ERROR
ERROR
ERROR
ERROR
ERROR
ERROR
ERROR
ERROR
ERROR
ERROR
ERROR
ERROR
ERROR
ERROR
ERROR
ERROR
ERROR
ERROR
ERROR
ERROR
ERROR
ERROR
ERROR
ERROR
ERROR
ERROR
ERROR
ERROR
ERROR
ERROR
ERROR
ERROR
ERROR
ERROR
ERROR
ERROR
ERROR
ERROR
ERROR
ERROR
ERROR
ERROR
ERROR
ERROR
ERROR
ERROR
ERROR
ERROR
ERROR
ERROR
ERROR
ERROR
ERROR
ERROR
ERROR
ERROR
ERROR
ERROR
ERROR
ERROR
ERROR
ERROR
ERROR
ERROR
ERROR
ERROR
ERROR
ERROR
ERROR
ERROR
ERROR
ERROR
ERROR
ERROR
ERROR
ERROR
ERROR
ERROR
ERROR
ERROR
ERROR
ERROR
ERROR
ERROR
ERROR
ERROR
ERROR
ERROR
ERROR
ERROR
ERROR
ERROR
ERROR
ERROR
ERROR
ERROR
ERROR
ERROR
ERROR
ERROR
ERROR
ERROR
ERROR
ERROR
ERROR
ERROR
ERROR
ERROR
ERROR
ERROR
ERROR
ERROR
ERROR
ERROR
ERROR
ERROR
ERROR
ERROR
ERROR
ERROR
ERROR
ERROR
ERROR
ERROR
ERROR
ERROR
ERROR
ERROR
ERROR
ERROR
ERROR
ERROR
ERROR
ERROR
ERROR
ERROR
ERROR
ERROR
ERROR
ERROR
ERROR
ERROR
ERROR
ERROR
ERROR
ERROR
ERROR
ERROR
ERROR
ERROR
ERROR
ERROR
ERROR
ERROR
ERROR
ERROR
ERROR
ERROR
ERROR
ERROR
ERROR
ERROR
ERROR
ERROR
ERROR
ERROR
ERROR
ERROR
ERROR
ERROR
ERROR
ERROR
